<?xml version="1.0" encoding="UTF-8"?>
<!-- Generated by org.testng.reporters.JUnitReportReporter -->
<testsuite hostname="COCCPL-6U0FD57" failures="0" tests="1" name="Module.CaptureScreenShot" time="4.050" errors="0" timestamp="25 Dec 2017 08:54:26 GMT" skipped="0">
  <testcase classname="Module.CaptureScreenShot" name="screenshot" time="4.050"/>
</testsuite> <!-- Module.CaptureScreenShot -->
