<?xml version="1.0" encoding="UTF-8"?>
<!-- Generated by org.testng.reporters.JUnitReportReporter -->
<testsuite hostname="COCCPL-6U0FD57" failures="0" tests="1" name="testNGTutorial.isDisplayed" time="0.225" errors="0" timestamp="25 Dec 2017 06:52:59 GMT" skipped="0">
  <testcase classname="testNGTutorial.isDisplayed" name="displayed" time="0.225"/>
</testsuite> <!-- testNGTutorial.isDisplayed -->
