<?xml version="1.0" encoding="UTF-8"?>
<!-- Generated by org.testng.reporters.JUnitReportReporter -->
<testsuite hostname="COCCPL-6U0FD57" failures="0" tests="2" name="testNGTutorial.verifyErrorMessages" time="0.009" errors="0" timestamp="25 Dec 2017 06:52:59 GMT" skipped="0">
  <testcase classname="testNGTutorial.verifyErrorMessages" name="verifyTitle" time="0.005"/>
  <testcase classname="testNGTutorial.verifyErrorMessages" name="verifyError" time="0.004"/>
</testsuite> <!-- testNGTutorial.verifyErrorMessages -->
