<?xml version="1.0" encoding="UTF-8"?>
<!-- Generated by org.testng.reporters.JUnitReportReporter -->
<testsuite hostname="COCCPL-6U0FD57" failures="0" tests="3" name="testNGTutorial.TestNGDependencyExample" time="4.280" errors="0" timestamp="24 Dec 2017 07:05:50 GMT" skipped="0">
  <testcase classname="testNGTutorial.TestNGDependencyExample" name="loginApp" time="1.323"/>
  <testcase classname="testNGTutorial.TestNGDependencyExample" name="logoutApp" time="2.371"/>
  <testcase classname="testNGTutorial.TestNGDependencyExample" name="startApp" time="0.586"/>
</testsuite> <!-- testNGTutorial.TestNGDependencyExample -->
