<?xml version="1.0" encoding="UTF-8"?>
<!-- Generated by org.testng.reporters.JUnitReportReporter -->
<testsuite hostname="COCCPL-6U0FD57" failures="0" tests="2" name="testNGTutorial.verifyErrorMessages" time="0.087" errors="0" timestamp="24 Dec 2017 07:57:25 GMT" skipped="0">
  <testcase classname="testNGTutorial.verifyErrorMessages" name="verifyError" time="0.079"/>
  <testcase classname="testNGTutorial.verifyErrorMessages" name="verifyTitle" time="0.008"/>
</testsuite> <!-- testNGTutorial.verifyErrorMessages -->
