<?xml version="1.0" encoding="UTF-8"?>
<!-- Generated by org.testng.reporters.JUnitReportReporter -->
<testsuite hostname="COCCPL-6U0FD57" failures="0" tests="3" name="testNGTutorial.TestNGScript" time="0.010" errors="0" timestamp="24 Dec 2017 01:37:45 GMT" skipped="0">
  <testcase classname="testNGTutorial.TestNGScript" name="checkout" time="0.008"/>
  <testcase classname="testNGTutorial.TestNGScript" name="loginApplication" time="0.001"/>
  <testcase classname="testNGTutorial.TestNGScript" name="selectItems" time="0.001"/>
</testsuite> <!-- testNGTutorial.TestNGScript -->
