<?xml version="1.0" encoding="UTF-8"?>
<!-- Generated by org.testng.reporters.JUnitReportReporter -->
<testsuite hostname="COCCPL-6U0FD57" failures="0" tests="1" name="testNGTutorial.TestNGDependency" time="0.000" errors="0" timestamp="25 Dec 2017 06:52:59 GMT" skipped="0">
  <testcase classname="testNGTutorial.TestNGDependency" name="startApp" time="0.000"/>
</testsuite> <!-- testNGTutorial.TestNGDependency -->
