<?xml version="1.0" encoding="UTF-8"?>
<!-- Generated by org.testng.reporters.JUnitReportReporter -->
<testsuite hostname="COCCPL-6U0FD57" failures="0" tests="1" name="testNGTutorial.isDisplayed" time="60.060" errors="0" timestamp="24 Dec 2017 05:58:39 GMT" skipped="0">
  <testcase classname="testNGTutorial.isDisplayed" name="displayed" time="60.060"/>
</testsuite> <!-- testNGTutorial.isDisplayed -->
